$ cd /mnt/f/code/project/opentu && pnpm --filter @aitu/drawnix exec vitest run src/services/__tests__/video-api-service.session-broker.test.ts --no-file-parallelism --maxWorkers=1 --minWorkers=1
 WARN  Issue while reading "/mnt/f/code/project/opentu/.npmrc". Failed to replace env in config: ${NPM_TOKEN}
 WARN  Issue while reading "/mnt/f/code/project/opentu/.npmrc". Failed to replace env in config: ${NPM_TOKEN}
 WARN  Issue while reading "/mnt/f/code/project/opentu/.npmrc". Failed to replace env in config: ${NPM_TOKEN}
 WARN  Issue while reading "/mnt/f/code/project/opentu/.npmrc". Failed to replace env in config: ${NPM_TOKEN}

 RUN  v3.2.4 /mnt/f/code/project/opentu/packages/drawnix

stderr | src/services/__tests__/video-api-service.session-broker.test.ts > video-api-service session-broker routing > allows empty apiKey for session-broker video submit and sends canonical same-origin request with idempotency
Decryption failed: TypeError: Failed to execute 'decrypt' on 'SubtleCrypto': 3rd argument is not instance of ArrayBuffer, Buffer, TypedArray, or DataView.
    at codedTypeError (node:internal/crypto/webidl:45:15)
    at makeException (node:internal/crypto/webidl:54:10)
    at Object.converters.BufferSource (node:internal/crypto/webidl:221:11)
    at SubtleCrypto.decrypt (node:internal/crypto/webcrypto:962:28)
    at decrypt (/mnt/f/code/project/opentu/packages/utils/src/crypto/aes-gcm.ts:237:43)
    at testCrypto (/mnt/f/code/project/opentu/packages/utils/src/crypto/aes-gcm.ts:285:23)
    at SettingsManager.initializeCrypto (/mnt/f/code/project/opentu/packages/drawnix/src/utils/settings-manager.ts:294:30)
    at SettingsManager.initializeAsync (/mnt/f/code/project/opentu/packages/drawnix/src/utils/settings-manager.ts:263:7) {
  code: 'ERR_INVALID_ARG_TYPE'
}

stderr | src/services/__tests__/video-api-service.session-broker.test.ts > video-api-service session-broker routing > allows empty apiKey for session-broker video submit and sends canonical same-origin request with idempotency
Crypto functionality is not available, sensitive data will be stored as plain text

stderr | src/services/__tests__/video-api-service.session-broker.test.ts > video-api-service session-broker routing > allows empty apiKey for session-broker video submit and sends canonical same-origin request with idempotency
[ConfigWriter] Failed to save configs: ReferenceError: indexedDB is not defined
    at /mnt/f/code/project/opentu/packages/drawnix/src/services/app-database.ts:45:21
    at new Promise (<anonymous>)
    at getAppDB (/mnt/f/code/project/opentu/packages/drawnix/src/services/app-database.ts:39:15)
    at ConfigIndexedDBWriter.getDB (/mnt/f/code/project/opentu/packages/drawnix/src/utils/config-indexeddb-writer.ts:33:12)
    at /mnt/f/code/project/opentu/packages/drawnix/src/utils/config-indexeddb-writer.ts:134:31

stderr | src/services/__tests__/video-api-service.session-broker.test.ts > video-api-service session-broker routing > allows empty apiKey for session-broker video submit and sends canonical same-origin request with idempotency
[ConfigWriter] Failed to save configs: ReferenceError: indexedDB is not defined
    at /mnt/f/code/project/opentu/packages/drawnix/src/services/app-database.ts:45:21
    at new Promise (<anonymous>)
    at getAppDB (/mnt/f/code/project/opentu/packages/drawnix/src/services/app-database.ts:39:15)
    at ConfigIndexedDBWriter.getDB (/mnt/f/code/project/opentu/packages/drawnix/src/utils/config-indexeddb-writer.ts:33:12)
    at /mnt/f/code/project/opentu/packages/drawnix/src/utils/config-indexeddb-writer.ts:134:31

 ✓ src/services/__tests__/video-api-service.session-broker.test.ts (11 tests) 3049ms
   ✓ video-api-service session-broker routing > allows empty apiKey for session-broker video submit and sends canonical same-origin request with idempotency  3009ms

 Test Files  1 passed (1)
      Tests  11 passed (11)
   Start at  01:18:47
   Duration  27.46s (transform 2.99s, setup 30ms, collect 508ms, tests 3.05s, environment 16.43s, prepare 6.23s)

